{"/Users/test/Documents/TDD/exo4/Hamming.js": {"path":"/Users/test/Documents/TDD/exo4/Hamming.js","statementMap":{"0":{"start":{"line":2,"column":16},"end":{"line":2,"column":36}},"1":{"start":{"line":3,"column":2},"end":{"line":5,"column":3}},"2":{"start":{"line":4,"column":4},"end":{"line":4,"column":52}},"3":{"start":{"line":6,"column":12},"end":{"line":6,"column":13}},"4":{"start":{"line":7,"column":2},"end":{"line":15,"column":3}},"5":{"start":{"line":8,"column":4},"end":{"line":14,"column":5}},"6":{"start":{"line":9,"column":6},"end":{"line":11,"column":7}},"7":{"start":{"line":10,"column":8},"end":{"line":10,"column":14}},"8":{"start":{"line":13,"column":6},"end":{"line":13,"column":56}},"9":{"start":{"line":16,"column":2},"end":{"line":16,"column":13}},"10":{"start":{"line":19,"column":2},"end":{"line":19,"column":78}}},"fnMap":{"0":{"name":"hamming","decl":{"start":{"line":1,"column":16},"end":{"line":1,"column":23}},"loc":{"start":{"line":1,"column":36},"end":{"line":17,"column":1}},"line":1},"1":{"name":"isValidLetter","decl":{"start":{"line":18,"column":9},"end":{"line":18,"column":22}},"loc":{"start":{"line":18,"column":31},"end":{"line":20,"column":1}},"line":18}},"branchMap":{"0":{"loc":{"start":{"line":3,"column":2},"end":{"line":5,"column":3}},"type":"if","locations":[{"start":{"line":3,"column":2},"end":{"line":5,"column":3}},{"start":{"line":3,"column":2},"end":{"line":5,"column":3}}],"line":3},"1":{"loc":{"start":{"line":8,"column":4},"end":{"line":14,"column":5}},"type":"if","locations":[{"start":{"line":8,"column":4},"end":{"line":14,"column":5}},{"start":{"line":8,"column":4},"end":{"line":14,"column":5}}],"line":8},"2":{"loc":{"start":{"line":8,"column":8},"end":{"line":8,"column":56}},"type":"binary-expr","locations":[{"start":{"line":8,"column":8},"end":{"line":8,"column":30}},{"start":{"line":8,"column":34},"end":{"line":8,"column":56}}],"line":8},"3":{"loc":{"start":{"line":9,"column":6},"end":{"line":11,"column":7}},"type":"if","locations":[{"start":{"line":9,"column":6},"end":{"line":11,"column":7}},{"start":{"line":9,"column":6},"end":{"line":11,"column":7}}],"line":9},"4":{"loc":{"start":{"line":19,"column":9},"end":{"line":19,"column":77}},"type":"binary-expr","locations":[{"start":{"line":19,"column":9},"end":{"line":19,"column":23}},{"start":{"line":19,"column":27},"end":{"line":19,"column":41}},{"start":{"line":19,"column":45},"end":{"line":19,"column":59}},{"start":{"line":19,"column":63},"end":{"line":19,"column":77}}],"line":19}},"s":{"0":18,"1":18,"2":2,"3":16,"4":16,"5":61,"6":58,"7":24,"8":3,"9":13,"10":119},"f":{"0":18,"1":119},"b":{"0":[2,16],"1":[58,3],"2":[61,58],"3":[24,34],"4":[119,70,52,37]},"_coverageSchema":"332fd63041d2c1bcb487cc26dd0d5f7d97098a6c","hash":"a9a48d498f25985f7cbbc1db4fdc15ea0a082865"}
}
