<?xml version="1.0" encoding="UTF-8"?>
<coverage generated="1545141491344" clover="3.2.0">
  <project timestamp="1545141491345" name="All files">
    <metrics statements="16" coveredstatements="16" conditionals="18" coveredconditionals="18" methods="1" coveredmethods="1" elements="35" coveredelements="35" complexity="0" loc="16" ncloc="16" packages="1" files="1" classes="1">
      <file name="compute-price.js" path="/Users/test/Documents/TDD/exams/01 - compute-price/compute-price.js">
        <metrics statements="16" coveredstatements="16" conditionals="18" coveredconditionals="18" methods="1" coveredmethods="1"/>
        <line num="4" count="16" type="cond" truecount="2" falsecount="0"/>
        <line num="5" count="2" type="stmt"/>
        <line num="7" count="14" type="cond" truecount="2" falsecount="0"/>
        <line num="8" count="2" type="stmt"/>
        <line num="10" count="12" type="cond" truecount="2" falsecount="0"/>
        <line num="11" count="10" type="stmt"/>
        <line num="12" count="10" type="stmt"/>
        <line num="14" count="21" type="cond" truecount="4" falsecount="0"/>
        <line num="15" count="2" type="stmt"/>
        <line num="17" count="19" type="cond" truecount="4" falsecount="0"/>
        <line num="18" count="2" type="stmt"/>
        <line num="20" count="17" type="cond" truecount="2" falsecount="0"/>
        <line num="24" count="2" type="stmt"/>
        <line num="26" count="15" type="stmt"/>
        <line num="28" count="4" type="stmt"/>
        <line num="31" count="2" type="stmt"/>
      </file>
    </metrics>
  </project>
</coverage>
