{"/Users/test/Documents/TDD/exams/01 - compute-price/compute-price.js": {"path":"/Users/test/Documents/TDD/exams/01 - compute-price/compute-price.js","statementMap":{"0":{"start":{"line":4,"column":2},"end":{"line":6,"column":3}},"1":{"start":{"line":5,"column":6},"end":{"line":5,"column":46}},"2":{"start":{"line":7,"column":2},"end":{"line":9,"column":3}},"3":{"start":{"line":8,"column":6},"end":{"line":8,"column":54}},"4":{"start":{"line":10,"column":2},"end":{"line":29,"column":3}},"5":{"start":{"line":11,"column":16},"end":{"line":11,"column":17}},"6":{"start":{"line":12,"column":4},"end":{"line":27,"column":5}},"7":{"start":{"line":14,"column":6},"end":{"line":16,"column":7}},"8":{"start":{"line":15,"column":10},"end":{"line":15,"column":59}},"9":{"start":{"line":17,"column":6},"end":{"line":19,"column":7}},"10":{"start":{"line":18,"column":10},"end":{"line":18,"column":56}},"11":{"start":{"line":20,"column":6},"end":{"line":25,"column":7}},"12":{"start":{"line":24,"column":10},"end":{"line":24,"column":43}},"13":{"start":{"line":26,"column":6},"end":{"line":26,"column":58}},"14":{"start":{"line":28,"column":4},"end":{"line":28,"column":17}},"15":{"start":{"line":31,"column":4},"end":{"line":31,"column":38}}},"fnMap":{"0":{"name":"computePrice","decl":{"start":{"line":1,"column":24},"end":{"line":1,"column":36}},"loc":{"start":{"line":1,"column":45},"end":{"line":32,"column":1}},"line":1}},"branchMap":{"0":{"loc":{"start":{"line":4,"column":2},"end":{"line":6,"column":3}},"type":"if","locations":[{"start":{"line":4,"column":2},"end":{"line":6,"column":3}},{"start":{"line":4,"column":2},"end":{"line":6,"column":3}}],"line":4},"1":{"loc":{"start":{"line":7,"column":2},"end":{"line":9,"column":3}},"type":"if","locations":[{"start":{"line":7,"column":2},"end":{"line":9,"column":3}},{"start":{"line":7,"column":2},"end":{"line":9,"column":3}}],"line":7},"2":{"loc":{"start":{"line":10,"column":2},"end":{"line":29,"column":3}},"type":"if","locations":[{"start":{"line":10,"column":2},"end":{"line":29,"column":3}},{"start":{"line":10,"column":2},"end":{"line":29,"column":3}}],"line":10},"3":{"loc":{"start":{"line":14,"column":6},"end":{"line":16,"column":7}},"type":"if","locations":[{"start":{"line":14,"column":6},"end":{"line":16,"column":7}},{"start":{"line":14,"column":6},"end":{"line":16,"column":7}}],"line":14},"4":{"loc":{"start":{"line":14,"column":10},"end":{"line":14,"column":61}},"type":"binary-expr","locations":[{"start":{"line":14,"column":10},"end":{"line":14,"column":32}},{"start":{"line":14,"column":36},"end":{"line":14,"column":61}}],"line":14},"5":{"loc":{"start":{"line":17,"column":6},"end":{"line":19,"column":7}},"type":"if","locations":[{"start":{"line":17,"column":6},"end":{"line":19,"column":7}},{"start":{"line":17,"column":6},"end":{"line":19,"column":7}}],"line":17},"6":{"loc":{"start":{"line":17,"column":10},"end":{"line":17,"column":65}},"type":"binary-expr","locations":[{"start":{"line":17,"column":10},"end":{"line":17,"column":34}},{"start":{"line":17,"column":38},"end":{"line":17,"column":65}}],"line":17},"7":{"loc":{"start":{"line":20,"column":6},"end":{"line":25,"column":7}},"type":"if","locations":[{"start":{"line":20,"column":6},"end":{"line":25,"column":7}},{"start":{"line":20,"column":6},"end":{"line":25,"column":7}}],"line":20},"8":{"loc":{"start":{"line":21,"column":8},"end":{"line":22,"column":43}},"type":"binary-expr","locations":[{"start":{"line":21,"column":8},"end":{"line":21,"column":40}},{"start":{"line":22,"column":8},"end":{"line":22,"column":43}}],"line":21}},"s":{"0":16,"1":2,"2":14,"3":2,"4":12,"5":10,"6":10,"7":21,"8":2,"9":19,"10":2,"11":17,"12":2,"13":15,"14":4,"15":2},"f":{"0":16},"b":{"0":[2,14],"1":[2,12],"2":[10,2],"3":[2,19],"4":[21,20],"5":[2,17],"6":[19,18],"7":[2,15],"8":[17,16]},"_coverageSchema":"332fd63041d2c1bcb487cc26dd0d5f7d97098a6c","hash":"cac882de3943a64bad6a4d5a532d784f62f61c12"}
}
