TN:
SF:/Users/test/Documents/TDD/exams/01 - compute-price/compute-price.js
FN:1,computePrice
FNF:1
FNH:1
FNDA:16,computePrice
DA:4,16
DA:5,2
DA:7,14
DA:8,2
DA:10,12
DA:11,10
DA:12,10
DA:14,21
DA:15,2
DA:17,19
DA:18,2
DA:20,17
DA:24,2
DA:26,15
DA:28,4
DA:31,2
LF:16
LH:16
BRDA:4,0,0,2
BRDA:4,0,1,14
BRDA:7,1,0,2
BRDA:7,1,1,12
BRDA:10,2,0,10
BRDA:10,2,1,2
BRDA:14,3,0,2
BRDA:14,3,1,19
BRDA:14,4,0,21
BRDA:14,4,1,20
BRDA:17,5,0,2
BRDA:17,5,1,17
BRDA:17,6,0,19
BRDA:17,6,1,18
BRDA:20,7,0,2
BRDA:20,7,1,15
BRDA:21,8,0,17
BRDA:21,8,1,16
BRF:18
BRH:18
end_of_record
