{"/Users/test/Documents/TDD/exams/00 - toi-moi/toi-moi.js": {"path":"/Users/test/Documents/TDD/exams/00 - toi-moi/toi-moi.js","statementMap":{"0":{"start":{"line":3,"column":4},"end":{"line":6,"column":5}},"1":{"start":{"line":5,"column":5},"end":{"line":5,"column":60}},"2":{"start":{"line":7,"column":4},"end":{"line":9,"column":5}},"3":{"start":{"line":8,"column":8},"end":{"line":8,"column":41}},"4":{"start":{"line":10,"column":4},"end":{"line":10,"column":41}}},"fnMap":{"0":{"name":"toiMoi","decl":{"start":{"line":1,"column":24},"end":{"line":1,"column":30}},"loc":{"start":{"line":1,"column":42},"end":{"line":12,"column":1}},"line":1}},"branchMap":{"0":{"loc":{"start":{"line":1,"column":31},"end":{"line":1,"column":41}},"type":"default-arg","locations":[{"start":{"line":1,"column":36},"end":{"line":1,"column":41}}],"line":1},"1":{"loc":{"start":{"line":3,"column":4},"end":{"line":6,"column":5}},"type":"if","locations":[{"start":{"line":3,"column":4},"end":{"line":6,"column":5}},{"start":{"line":3,"column":4},"end":{"line":6,"column":5}}],"line":3},"2":{"loc":{"start":{"line":3,"column":7},"end":{"line":3,"column":58}},"type":"binary-expr","locations":[{"start":{"line":3,"column":7},"end":{"line":3,"column":31}},{"start":{"line":3,"column":34},"end":{"line":3,"column":58}}],"line":3},"3":{"loc":{"start":{"line":7,"column":4},"end":{"line":9,"column":5}},"type":"if","locations":[{"start":{"line":7,"column":4},"end":{"line":9,"column":5}},{"start":{"line":7,"column":4},"end":{"line":9,"column":5}}],"line":7}},"s":{"0":10,"1":4,"2":6,"3":1,"4":5},"f":{"0":10},"b":{"0":[1],"1":[4,6],"2":[10,6],"3":[1,5]},"_coverageSchema":"332fd63041d2c1bcb487cc26dd0d5f7d97098a6c","hash":"c0b92c4adc60f34db37278e0bdfd1bc831961a06"}
}
