<?xml version="1.0" encoding="UTF-8"?>
<coverage generated="1545130625265" clover="3.2.0">
  <project timestamp="1545130625265" name="All files">
    <metrics statements="12" coveredstatements="10" conditionals="14" coveredconditionals="9" methods="2" coveredmethods="1" elements="28" coveredelements="20" complexity="0" loc="12" ncloc="12" packages="1" files="1" classes="1">
      <file name="computer.js" path="/Users/test/Documents/TDD/exo6/computer.js">
        <metrics statements="12" coveredstatements="10" conditionals="14" coveredconditionals="9" methods="2" coveredmethods="1"/>
        <line num="3" count="4" type="cond" truecount="2" falsecount="0"/>
        <line num="4" count="1" type="stmt"/>
        <line num="6" count="3" type="stmt"/>
        <line num="7" count="3" type="cond" truecount="2" falsecount="0"/>
        <line num="13" count="2" type="stmt"/>
        <line num="15" count="1" type="cond" truecount="1" falsecount="1"/>
        <line num="16" count="1" type="stmt"/>
        <line num="17" count="1" type="stmt"/>
        <line num="18" count="2" type="stmt"/>
        <line num="20" count="1" type="stmt"/>
        <line num="22" count="0" type="cond" truecount="0" falsecount="4"/>
        <line num="23" count="0" type="stmt"/>
      </file>
    </metrics>
  </project>
</coverage>
